<?xml version="1.0" encoding="UTF-8"?>
<testng-results skipped="0" failed="0" ignored="0" total="1" passed="1">
  <reporter-output>
  </reporter-output>
  <suite name="Suite" duration-ms="21281" started-at="2019-07-15T16:37:05Z" finished-at="2019-07-15T16:37:26Z">
    <groups>
    </groups>
    <test name="HotelBookingTest" duration-ms="21281" started-at="2019-07-15T16:37:05Z" finished-at="2019-07-15T16:37:26Z">
      <class name="tests.hotelBookingTest">
        <test-method status="PASS" signature="setup()[pri:0, instance:tests.hotelBookingTest@68c4039c]" name="setup" is-config="true" duration-ms="4263" started-at="2019-07-15T16:37:05Z" finished-at="2019-07-15T16:37:09Z">
          <reporter-output>
          </reporter-output>
        </test-method> <!-- setup -->
        <test-method status="PASS" signature="e2ETest()[pri:0, instance:tests.hotelBookingTest@68c4039c]" name="e2ETest" duration-ms="16985" started-at="2019-07-15T16:37:09Z" description="End to End Test" finished-at="2019-07-15T16:37:26Z">
          <reporter-output>
          </reporter-output>
        </test-method> <!-- e2ETest -->
      </class> <!-- tests.hotelBookingTest -->
    </test> <!-- HotelBookingTest -->
  </suite> <!-- Suite -->
</testng-results>
